<?xml version="1.0" encoding="UTF-8"?>
<!-- Generated by org.testng.reporters.JUnitReportReporter -->
<testsuite hostname="DESKTOP-JSL5O87" failures="0" tests="3" name="Day1.HTTPRequest" time="12.366" errors="0" timestamp="2024-02-25T21:58:08 IST" skipped="0">
  <testcase classname="Day1.HTTPRequest" name="getUser" time="7.747"/>
  <testcase classname="Day1.HTTPRequest" name="createUser" time="3.980"/>
  <testcase classname="Day1.HTTPRequest" name="updateUser" time="0.639"/>
</testsuite> <!-- Day1.HTTPRequest -->
